android_app_SofronHoney/app/build/intermediates/manifest_merge_blame_file/debug/manifest-merger-blame-debug-report.txt
1<?xml version="1.0" encoding="utf-8"?>
2<manifest xmlns:android="http://schemas.android.com/apk/res/android"
3    package="com.example.sofronas"
4    android:versionCode="1"
5    android:versionName="1.0" >
6
7    <uses-sdk
8        android:minSdkVersion="16"
8-->src/main/AndroidManifest.xml
9        android:targetSdkVersion="31" />
9-->src/main/AndroidManifest.xml
10
11    <uses-permission android:name="android.permission.ACCESS_NETWORK_STATE" />
11-->src/main/AndroidManifest.xml:6:5-79
11-->src/main/AndroidManifest.xml:6:22-76
12    <uses-permission android:name="android.permission.INTERNET" />
12-->src/main/AndroidManifest.xml:7:5-67
12-->src/main/AndroidManifest.xml:7:22-64
13    <uses-permission android:name="android.permission.READ_SMS" />
13-->src/main/AndroidManifest.xml:8:5-67
13-->src/main/AndroidManifest.xml:8:22-64
14    <uses-permission android:name="android.permission.RECEIVE_SMS" />
14-->src/main/AndroidManifest.xml:9:5-70
14-->src/main/AndroidManifest.xml:9:22-67
15
16    <application
16-->src/main/AndroidManifest.xml:11:5-55:19
17        android:allowBackup="true"
17-->src/main/AndroidManifest.xml:12:9-35
18        android:appComponentFactory="androidx.core.app.CoreComponentFactory"
18-->[androidx.core:core:1.7.0] AndroidManifest.xml:24:18-86
19        android:debuggable="true"
20        android:icon="@drawable/ic_launcher_foreground"
20-->src/main/AndroidManifest.xml:13:9-56
21        android:label="@string/app_name"
21-->src/main/AndroidManifest.xml:14:9-41
22        android:supportsRtl="true"
22-->src/main/AndroidManifest.xml:15:9-35
23        android:testOnly="true"
24        android:theme="@style/Theme.Sofronas"
24-->src/main/AndroidManifest.xml:16:9-46
25        android:usesCleartextTraffic="true" >
25-->src/main/AndroidManifest.xml:17:9-44
26        <activity
26-->src/main/AndroidManifest.xml:18:9-20:40
27            android:name="com.example.sofronas.login.LoginActivity"
27-->src/main/AndroidManifest.xml:19:13-48
28            android:exported="false" />
28-->src/main/AndroidManifest.xml:20:13-37
29        <activity
29-->src/main/AndroidManifest.xml:21:9-23:40
30            android:name="com.example.sofronas.ui.search.ShowDataDay"
30-->src/main/AndroidManifest.xml:22:13-50
31            android:exported="false" />
31-->src/main/AndroidManifest.xml:23:13-37
32        <activity
32-->src/main/AndroidManifest.xml:24:9-26:40
33            android:name="com.example.sofronas.ui.month.ShowDataMonth"
33-->src/main/AndroidManifest.xml:25:13-51
34            android:exported="false" />
34-->src/main/AndroidManifest.xml:26:13-37
35        <activity android:name="com.example.sofronas.MainActivity" />
35-->src/main/AndroidManifest.xml:27:9-50
35-->src/main/AndroidManifest.xml:27:19-47
36        <activity
36-->src/main/AndroidManifest.xml:28:9-35:20
37            android:name="com.example.sofronas.SettingsActivity"
37-->src/main/AndroidManifest.xml:29:13-45
38            android:exported="true"
38-->src/main/AndroidManifest.xml:30:13-36
39            android:label="@string/title_activity_settings" >
39-->src/main/AndroidManifest.xml:31:13-60
40            <intent-filter>
40-->src/main/AndroidManifest.xml:32:13-34:29
41                <category android:name="android.intent.category.PREFERENCE" />
41-->src/main/AndroidManifest.xml:33:17-79
41-->src/main/AndroidManifest.xml:33:27-76
42            </intent-filter>
43        </activity>
44        <activity
44-->src/main/AndroidManifest.xml:36:9-44:20
45            android:name="com.example.sofronas.SplashActivity"
45-->src/main/AndroidManifest.xml:37:13-43
46            android:exported="true" >
46-->src/main/AndroidManifest.xml:38:13-36
47            <intent-filter>
47-->src/main/AndroidManifest.xml:39:13-43:29
48                <action android:name="android.intent.action.MAIN" />
48-->src/main/AndroidManifest.xml:40:17-69
48-->src/main/AndroidManifest.xml:40:25-66
49
50                <category android:name="android.intent.category.LAUNCHER" />
50-->src/main/AndroidManifest.xml:42:17-77
50-->src/main/AndroidManifest.xml:42:27-74
51            </intent-filter>
52        </activity>
53        <activity android:name="com.example.sofronas.InfoActivity" />
53-->src/main/AndroidManifest.xml:45:9-50
53-->src/main/AndroidManifest.xml:45:19-47
54        <activity android:name="com.example.sofronas.NoInternet" />
54-->src/main/AndroidManifest.xml:46:9-48
54-->src/main/AndroidManifest.xml:46:19-45
55
56        <receiver
56-->src/main/AndroidManifest.xml:48:9-54:20
57            android:name="com.example.sofronas.sms.SmsReceiver"
57-->src/main/AndroidManifest.xml:49:13-44
58            android:exported="true" >
58-->src/main/AndroidManifest.xml:50:13-36
59            <intent-filter>
59-->src/main/AndroidManifest.xml:51:13-53:29
60                <action android:name="android.provider.Telephony.SMS_RECEIVED" />
60-->src/main/AndroidManifest.xml:52:17-82
60-->src/main/AndroidManifest.xml:52:25-79
61            </intent-filter>
62        </receiver>
63
64        <provider
64-->[androidx.emoji2:emoji2:1.0.0] AndroidManifest.xml:26:9-34:20
65            android:name="androidx.startup.InitializationProvider"
65-->[androidx.emoji2:emoji2:1.0.0] AndroidManifest.xml:27:13-67
66            android:authorities="com.example.sofronas.androidx-startup"
66-->[androidx.emoji2:emoji2:1.0.0] AndroidManifest.xml:28:13-68
67            android:exported="false" >
67-->[androidx.emoji2:emoji2:1.0.0] AndroidManifest.xml:29:13-37
68            <meta-data
68-->[androidx.emoji2:emoji2:1.0.0] AndroidManifest.xml:31:13-33:52
69                android:name="androidx.emoji2.text.EmojiCompatInitializer"
69-->[androidx.emoji2:emoji2:1.0.0] AndroidManifest.xml:32:17-75
70                android:value="androidx.startup" />
70-->[androidx.emoji2:emoji2:1.0.0] AndroidManifest.xml:33:17-49
71            <meta-data
71-->[androidx.lifecycle:lifecycle-process:2.4.0] AndroidManifest.xml:31:13-33:52
72                android:name="androidx.lifecycle.ProcessLifecycleInitializer"
72-->[androidx.lifecycle:lifecycle-process:2.4.0] AndroidManifest.xml:32:17-78
73                android:value="androidx.startup" />
73-->[androidx.lifecycle:lifecycle-process:2.4.0] AndroidManifest.xml:33:17-49
74        </provider>
75    </application>
76
77</manifest>